  FbxLoad.cpp
Shader.obj : error LNK2001: "void __cdecl fbxsdk::_FbxAssert(char const *,char const *,unsigned int,bool,char const *,...)" (?_FbxAssert@fbxsdk@@YAXPEBD0I_N0ZZ) 외부 기호를 확인할 수 없습니다.
Mesh.obj : error LNK2001: "void __cdecl fbxsdk::_FbxAssert(char const *,char const *,unsigned int,bool,char const *,...)" (?_FbxAssert@fbxsdk@@YAXPEBD0I_N0ZZ) 외부 기호를 확인할 수 없습니다.
Object.obj : error LNK2001: "void __cdecl fbxsdk::_FbxAssert(char const *,char const *,unsigned int,bool,char const *,...)" (?_FbxAssert@fbxsdk@@YAXPEBD0I_N0ZZ) 외부 기호를 확인할 수 없습니다.
Player.obj : error LNK2001: "void __cdecl fbxsdk::_FbxAssert(char const *,char const *,unsigned int,bool,char const *,...)" (?_FbxAssert@fbxsdk@@YAXPEBD0I_N0ZZ) 외부 기호를 확인할 수 없습니다.
Scene.obj : error LNK2001: "void __cdecl fbxsdk::_FbxAssert(char const *,char const *,unsigned int,bool,char const *,...)" (?_FbxAssert@fbxsdk@@YAXPEBD0I_N0ZZ) 외부 기호를 확인할 수 없습니다.
Camera.obj : error LNK2001: "void __cdecl fbxsdk::_FbxAssert(char const *,char const *,unsigned int,bool,char const *,...)" (?_FbxAssert@fbxsdk@@YAXPEBD0I_N0ZZ) 외부 기호를 확인할 수 없습니다.
FbxLoad.obj : error LNK2001: "void __cdecl fbxsdk::_FbxAssert(char const *,char const *,unsigned int,bool,char const *,...)" (?_FbxAssert@fbxsdk@@YAXPEBD0I_N0ZZ) 외부 기호를 확인할 수 없습니다.
GameFramework.obj : error LNK2001: "void __cdecl fbxsdk::_FbxAssert(char const *,char const *,unsigned int,bool,char const *,...)" (?_FbxAssert@fbxsdk@@YAXPEBD0I_N0ZZ) 외부 기호를 확인할 수 없습니다.
LabProject07.obj : error LNK2001: "void __cdecl fbxsdk::_FbxAssert(char const *,char const *,unsigned int,bool,char const *,...)" (?_FbxAssert@fbxsdk@@YAXPEBD0I_N0ZZ) 외부 기호를 확인할 수 없습니다.
Shader.obj : error LNK2001: "void * __cdecl fbxsdk::FbxMalloc(unsigned __int64)" (?FbxMalloc@fbxsdk@@YAPEAX_K@Z) 외부 기호를 확인할 수 없습니다.
Mesh.obj : error LNK2001: "void * __cdecl fbxsdk::FbxMalloc(unsigned __int64)" (?FbxMalloc@fbxsdk@@YAPEAX_K@Z) 외부 기호를 확인할 수 없습니다.
Object.obj : error LNK2001: "void * __cdecl fbxsdk::FbxMalloc(unsigned __int64)" (?FbxMalloc@fbxsdk@@YAPEAX_K@Z) 외부 기호를 확인할 수 없습니다.
Player.obj : error LNK2001: "void * __cdecl fbxsdk::FbxMalloc(unsigned __int64)" (?FbxMalloc@fbxsdk@@YAPEAX_K@Z) 외부 기호를 확인할 수 없습니다.
Scene.obj : error LNK2001: "void * __cdecl fbxsdk::FbxMalloc(unsigned __int64)" (?FbxMalloc@fbxsdk@@YAPEAX_K@Z) 외부 기호를 확인할 수 없습니다.
Camera.obj : error LNK2001: "void * __cdecl fbxsdk::FbxMalloc(unsigned __int64)" (?FbxMalloc@fbxsdk@@YAPEAX_K@Z) 외부 기호를 확인할 수 없습니다.
FbxLoad.obj : error LNK2001: "void * __cdecl fbxsdk::FbxMalloc(unsigned __int64)" (?FbxMalloc@fbxsdk@@YAPEAX_K@Z) 외부 기호를 확인할 수 없습니다.
GameFramework.obj : error LNK2001: "void * __cdecl fbxsdk::FbxMalloc(unsigned __int64)" (?FbxMalloc@fbxsdk@@YAPEAX_K@Z) 외부 기호를 확인할 수 없습니다.
LabProject07.obj : error LNK2001: "void * __cdecl fbxsdk::FbxMalloc(unsigned __int64)" (?FbxMalloc@fbxsdk@@YAPEAX_K@Z) 외부 기호를 확인할 수 없습니다.
Shader.obj : error LNK2019: "void __cdecl fbxsdk::FbxFree(void *)" (?FbxFree@fbxsdk@@YAXPEAX@Z) 외부 기호(참조 위치: "struct DirectX::XMMATRIX __vectorcall DirectX::XMMatrixTranspose(struct DirectX::XMMATRIX)" (?XMMatrixTranspose@DirectX@@YQ?AUXMMATRIX@1@U21@@Z) 함수)에서 확인하지 못했습니다.
Mesh.obj : error LNK2001: "void __cdecl fbxsdk::FbxFree(void *)" (?FbxFree@fbxsdk@@YAXPEAX@Z) 외부 기호를 확인할 수 없습니다.
Object.obj : error LNK2001: "void __cdecl fbxsdk::FbxFree(void *)" (?FbxFree@fbxsdk@@YAXPEAX@Z) 외부 기호를 확인할 수 없습니다.
Player.obj : error LNK2001: "void __cdecl fbxsdk::FbxFree(void *)" (?FbxFree@fbxsdk@@YAXPEAX@Z) 외부 기호를 확인할 수 없습니다.
Scene.obj : error LNK2001: "void __cdecl fbxsdk::FbxFree(void *)" (?FbxFree@fbxsdk@@YAXPEAX@Z) 외부 기호를 확인할 수 없습니다.
Camera.obj : error LNK2001: "void __cdecl fbxsdk::FbxFree(void *)" (?FbxFree@fbxsdk@@YAXPEAX@Z) 외부 기호를 확인할 수 없습니다.
FbxLoad.obj : error LNK2001: "void __cdecl fbxsdk::FbxFree(void *)" (?FbxFree@fbxsdk@@YAXPEAX@Z) 외부 기호를 확인할 수 없습니다.
GameFramework.obj : error LNK2001: "void __cdecl fbxsdk::FbxFree(void *)" (?FbxFree@fbxsdk@@YAXPEAX@Z) 외부 기호를 확인할 수 없습니다.
LabProject07.obj : error LNK2001: "void __cdecl fbxsdk::FbxFree(void *)" (?FbxFree@fbxsdk@@YAXPEAX@Z) 외부 기호를 확인할 수 없습니다.
Shader.obj : error LNK2001: "public: __cdecl fbxsdk::FbxString::FbxString(class fbxsdk::FbxString const &)" (??0FbxString@fbxsdk@@QEAA@AEBV01@@Z) 외부 기호를 확인할 수 없습니다.
Mesh.obj : error LNK2001: "public: __cdecl fbxsdk::FbxString::FbxString(class fbxsdk::FbxString const &)" (??0FbxString@fbxsdk@@QEAA@AEBV01@@Z) 외부 기호를 확인할 수 없습니다.
Object.obj : error LNK2001: "public: __cdecl fbxsdk::FbxString::FbxString(class fbxsdk::FbxString const &)" (??0FbxString@fbxsdk@@QEAA@AEBV01@@Z) 외부 기호를 확인할 수 없습니다.
Player.obj : error LNK2001: "public: __cdecl fbxsdk::FbxString::FbxString(class fbxsdk::FbxString const &)" (??0FbxString@fbxsdk@@QEAA@AEBV01@@Z) 외부 기호를 확인할 수 없습니다.
Scene.obj : error LNK2001: "public: __cdecl fbxsdk::FbxString::FbxString(class fbxsdk::FbxString const &)" (??0FbxString@fbxsdk@@QEAA@AEBV01@@Z) 외부 기호를 확인할 수 없습니다.
Camera.obj : error LNK2001: "public: __cdecl fbxsdk::FbxString::FbxString(class fbxsdk::FbxString const &)" (??0FbxString@fbxsdk@@QEAA@AEBV01@@Z) 외부 기호를 확인할 수 없습니다.
FbxLoad.obj : error LNK2001: "public: __cdecl fbxsdk::FbxString::FbxString(class fbxsdk::FbxString const &)" (??0FbxString@fbxsdk@@QEAA@AEBV01@@Z) 외부 기호를 확인할 수 없습니다.
GameFramework.obj : error LNK2001: "public: __cdecl fbxsdk::FbxString::FbxString(class fbxsdk::FbxString const &)" (??0FbxString@fbxsdk@@QEAA@AEBV01@@Z) 외부 기호를 확인할 수 없습니다.
LabProject07.obj : error LNK2001: "public: __cdecl fbxsdk::FbxString::FbxString(class fbxsdk::FbxString const &)" (??0FbxString@fbxsdk@@QEAA@AEBV01@@Z) 외부 기호를 확인할 수 없습니다.
Shader.obj : error LNK2001: "public: __cdecl fbxsdk::FbxString::~FbxString(void)" (??1FbxString@fbxsdk@@QEAA@XZ) 외부 기호를 확인할 수 없습니다.
Mesh.obj : error LNK2001: "public: __cdecl fbxsdk::FbxString::~FbxString(void)" (??1FbxString@fbxsdk@@QEAA@XZ) 외부 기호를 확인할 수 없습니다.
Object.obj : error LNK2001: "public: __cdecl fbxsdk::FbxString::~FbxString(void)" (??1FbxString@fbxsdk@@QEAA@XZ) 외부 기호를 확인할 수 없습니다.
Player.obj : error LNK2001: "public: __cdecl fbxsdk::FbxString::~FbxString(void)" (??1FbxString@fbxsdk@@QEAA@XZ) 외부 기호를 확인할 수 없습니다.
Scene.obj : error LNK2001: "public: __cdecl fbxsdk::FbxString::~FbxString(void)" (??1FbxString@fbxsdk@@QEAA@XZ) 외부 기호를 확인할 수 없습니다.
Camera.obj : error LNK2001: "public: __cdecl fbxsdk::FbxString::~FbxString(void)" (??1FbxString@fbxsdk@@QEAA@XZ) 외부 기호를 확인할 수 없습니다.
FbxLoad.obj : error LNK2001: "public: __cdecl fbxsdk::FbxString::~FbxString(void)" (??1FbxString@fbxsdk@@QEAA@XZ) 외부 기호를 확인할 수 없습니다.
GameFramework.obj : error LNK2001: "public: __cdecl fbxsdk::FbxString::~FbxString(void)" (??1FbxString@fbxsdk@@QEAA@XZ) 외부 기호를 확인할 수 없습니다.
LabProject07.obj : error LNK2001: "public: __cdecl fbxsdk::FbxString::~FbxString(void)" (??1FbxString@fbxsdk@@QEAA@XZ) 외부 기호를 확인할 수 없습니다.
Shader.obj : error LNK2001: "public: __cdecl fbxsdk::FbxString::operator char const *(void)const " (??BFbxString@fbxsdk@@QEBAPEBDXZ) 외부 기호를 확인할 수 없습니다.
Mesh.obj : error LNK2001: "public: __cdecl fbxsdk::FbxString::operator char const *(void)const " (??BFbxString@fbxsdk@@QEBAPEBDXZ) 외부 기호를 확인할 수 없습니다.
Object.obj : error LNK2001: "public: __cdecl fbxsdk::FbxString::operator char const *(void)const " (??BFbxString@fbxsdk@@QEBAPEBDXZ) 외부 기호를 확인할 수 없습니다.
Player.obj : error LNK2001: "public: __cdecl fbxsdk::FbxString::operator char const *(void)const " (??BFbxString@fbxsdk@@QEBAPEBDXZ) 외부 기호를 확인할 수 없습니다.
Scene.obj : error LNK2001: "public: __cdecl fbxsdk::FbxString::operator char const *(void)const " (??BFbxString@fbxsdk@@QEBAPEBDXZ) 외부 기호를 확인할 수 없습니다.
Camera.obj : error LNK2001: "public: __cdecl fbxsdk::FbxString::operator char const *(void)const " (??BFbxString@fbxsdk@@QEBAPEBDXZ) 외부 기호를 확인할 수 없습니다.
FbxLoad.obj : error LNK2001: "public: __cdecl fbxsdk::FbxString::operator char const *(void)const " (??BFbxString@fbxsdk@@QEBAPEBDXZ) 외부 기호를 확인할 수 없습니다.
GameFramework.obj : error LNK2001: "public: __cdecl fbxsdk::FbxString::operator char const *(void)const " (??BFbxString@fbxsdk@@QEBAPEBDXZ) 외부 기호를 확인할 수 없습니다.
LabProject07.obj : error LNK2001: "public: __cdecl fbxsdk::FbxString::operator char const *(void)const " (??BFbxString@fbxsdk@@QEBAPEBDXZ) 외부 기호를 확인할 수 없습니다.
Shader.obj : error LNK2001: "public: int __cdecl fbxsdk::FbxString::Compare(char const *)const " (?Compare@FbxString@fbxsdk@@QEBAHPEBD@Z) 외부 기호를 확인할 수 없습니다.
Mesh.obj : error LNK2001: "public: int __cdecl fbxsdk::FbxString::Compare(char const *)const " (?Compare@FbxString@fbxsdk@@QEBAHPEBD@Z) 외부 기호를 확인할 수 없습니다.
Object.obj : error LNK2001: "public: int __cdecl fbxsdk::FbxString::Compare(char const *)const " (?Compare@FbxString@fbxsdk@@QEBAHPEBD@Z) 외부 기호를 확인할 수 없습니다.
Player.obj : error LNK2001: "public: int __cdecl fbxsdk::FbxString::Compare(char const *)const " (?Compare@FbxString@fbxsdk@@QEBAHPEBD@Z) 외부 기호를 확인할 수 없습니다.
Scene.obj : error LNK2001: "public: int __cdecl fbxsdk::FbxString::Compare(char const *)const " (?Compare@FbxString@fbxsdk@@QEBAHPEBD@Z) 외부 기호를 확인할 수 없습니다.
Camera.obj : error LNK2001: "public: int __cdecl fbxsdk::FbxString::Compare(char const *)const " (?Compare@FbxString@fbxsdk@@QEBAHPEBD@Z) 외부 기호를 확인할 수 없습니다.
FbxLoad.obj : error LNK2001: "public: int __cdecl fbxsdk::FbxString::Compare(char const *)const " (?Compare@FbxString@fbxsdk@@QEBAHPEBD@Z) 외부 기호를 확인할 수 없습니다.
GameFramework.obj : error LNK2001: "public: int __cdecl fbxsdk::FbxString::Compare(char const *)const " (?Compare@FbxString@fbxsdk@@QEBAHPEBD@Z) 외부 기호를 확인할 수 없습니다.
LabProject07.obj : error LNK2001: "public: int __cdecl fbxsdk::FbxString::Compare(char const *)const " (?Compare@FbxString@fbxsdk@@QEBAHPEBD@Z) 외부 기호를 확인할 수 없습니다.
FbxLoad.obj : error LNK2019: "public: void __cdecl fbxsdk::FbxObject::Destroy(bool)" (?Destroy@FbxObject@fbxsdk@@QEAAX_N@Z) 외부 기호(참조 위치: "public: long __cdecl FbxLoad::LoadFBX(class std::vector<struct DirectX::XMFLOAT3,class std::allocator<struct DirectX::XMFLOAT3> > *)" (?LoadFBX@FbxLoad@@QEAAJPEAV?$vector@UXMFLOAT3@DirectX@@V?$allocator@UXMFLOAT3@DirectX@@@std@@@std@@@Z) 함수)에서 확인하지 못했습니다.
FbxLoad.obj : error LNK2019: "public: static class fbxsdk::FbxManager * __cdecl fbxsdk::FbxManager::Create(void)" (?Create@FbxManager@fbxsdk@@SAPEAV12@XZ) 외부 기호(참조 위치: "public: long __cdecl FbxLoad::LoadFBX(class std::vector<struct DirectX::XMFLOAT3,class std::allocator<struct DirectX::XMFLOAT3> > *)" (?LoadFBX@FbxLoad@@QEAAJPEAV?$vector@UXMFLOAT3@DirectX@@V?$allocator@UXMFLOAT3@DirectX@@@std@@@std@@@Z) 함수)에서 확인하지 못했습니다.
FbxLoad.obj : error LNK2019: "public: static class fbxsdk::FbxIOSettings * __cdecl fbxsdk::FbxIOSettings::Create(class fbxsdk::FbxManager *,char const *)" (?Create@FbxIOSettings@fbxsdk@@SAPEAV12@PEAVFbxManager@2@PEBD@Z) 외부 기호(참조 위치: "public: long __cdecl FbxLoad::LoadFBX(class std::vector<struct DirectX::XMFLOAT3,class std::allocator<struct DirectX::XMFLOAT3> > *)" (?LoadFBX@FbxLoad@@QEAAJPEAV?$vector@UXMFLOAT3@DirectX@@V?$allocator@UXMFLOAT3@DirectX@@@std@@@std@@@Z) 함수)에서 확인하지 못했습니다.
FbxLoad.obj : error LNK2019: "public: static class fbxsdk::FbxImporter * __cdecl fbxsdk::FbxImporter::Create(class fbxsdk::FbxManager *,char const *)" (?Create@FbxImporter@fbxsdk@@SAPEAV12@PEAVFbxManager@2@PEBD@Z) 외부 기호(참조 위치: "public: long __cdecl FbxLoad::LoadFBX(class std::vector<struct DirectX::XMFLOAT3,class std::allocator<struct DirectX::XMFLOAT3> > *)" (?LoadFBX@FbxLoad@@QEAAJPEAV?$vector@UXMFLOAT3@DirectX@@V?$allocator@UXMFLOAT3@DirectX@@@std@@@std@@@Z) 함수)에서 확인하지 못했습니다.
FbxLoad.obj : error LNK2019: "public: bool __cdecl fbxsdk::FbxImporter::Import(class fbxsdk::FbxDocument *,bool)" (?Import@FbxImporter@fbxsdk@@QEAA_NPEAVFbxDocument@2@_N@Z) 외부 기호(참조 위치: "public: long __cdecl FbxLoad::LoadFBX(class std::vector<struct DirectX::XMFLOAT3,class std::allocator<struct DirectX::XMFLOAT3> > *)" (?LoadFBX@FbxLoad@@QEAAJPEAV?$vector@UXMFLOAT3@DirectX@@V?$allocator@UXMFLOAT3@DirectX@@@std@@@std@@@Z) 함수)에서 확인하지 못했습니다.
FbxLoad.obj : error LNK2019: "public: int __cdecl fbxsdk::FbxNode::GetChildCount(bool)const " (?GetChildCount@FbxNode@fbxsdk@@QEBAH_N@Z) 외부 기호(참조 위치: "public: long __cdecl FbxLoad::LoadFBX(class std::vector<struct DirectX::XMFLOAT3,class std::allocator<struct DirectX::XMFLOAT3> > *)" (?LoadFBX@FbxLoad@@QEAAJPEAV?$vector@UXMFLOAT3@DirectX@@V?$allocator@UXMFLOAT3@DirectX@@@std@@@std@@@Z) 함수)에서 확인하지 못했습니다.
FbxLoad.obj : error LNK2019: "public: class fbxsdk::FbxNode * __cdecl fbxsdk::FbxNode::GetChild(int)" (?GetChild@FbxNode@fbxsdk@@QEAAPEAV12@H@Z) 외부 기호(참조 위치: "public: long __cdecl FbxLoad::LoadFBX(class std::vector<struct DirectX::XMFLOAT3,class std::allocator<struct DirectX::XMFLOAT3> > *)" (?LoadFBX@FbxLoad@@QEAAJPEAV?$vector@UXMFLOAT3@DirectX@@V?$allocator@UXMFLOAT3@DirectX@@@std@@@std@@@Z) 함수)에서 확인하지 못했습니다.
FbxLoad.obj : error LNK2019: "public: class fbxsdk::FbxNodeAttribute * __cdecl fbxsdk::FbxNode::GetNodeAttribute(void)" (?GetNodeAttribute@FbxNode@fbxsdk@@QEAAPEAVFbxNodeAttribute@2@XZ) 외부 기호(참조 위치: "public: long __cdecl FbxLoad::LoadFBX(class std::vector<struct DirectX::XMFLOAT3,class std::allocator<struct DirectX::XMFLOAT3> > *)" (?LoadFBX@FbxLoad@@QEAAJPEAV?$vector@UXMFLOAT3@DirectX@@V?$allocator@UXMFLOAT3@DirectX@@@std@@@std@@@Z) 함수)에서 확인하지 못했습니다.
FbxLoad.obj : error LNK2019: "public: static class fbxsdk::FbxScene * __cdecl fbxsdk::FbxScene::Create(class fbxsdk::FbxManager *,char const *)" (?Create@FbxScene@fbxsdk@@SAPEAV12@PEAVFbxManager@2@PEBD@Z) 외부 기호(참조 위치: "public: long __cdecl FbxLoad::LoadFBX(class std::vector<struct DirectX::XMFLOAT3,class std::allocator<struct DirectX::XMFLOAT3> > *)" (?LoadFBX@FbxLoad@@QEAAJPEAV?$vector@UXMFLOAT3@DirectX@@V?$allocator@UXMFLOAT3@DirectX@@@std@@@std@@@Z) 함수)에서 확인하지 못했습니다.
FbxLoad.obj : error LNK2019: "public: class fbxsdk::FbxNode * __cdecl fbxsdk::FbxScene::GetRootNode(void)const " (?GetRootNode@FbxScene@fbxsdk@@QEBAPEAVFbxNode@2@XZ) 외부 기호(참조 위치: "public: long __cdecl FbxLoad::LoadFBX(class std::vector<struct DirectX::XMFLOAT3,class std::allocator<struct DirectX::XMFLOAT3> > *)" (?LoadFBX@FbxLoad@@QEAAJPEAV?$vector@UXMFLOAT3@DirectX@@V?$allocator@UXMFLOAT3@DirectX@@@std@@@std@@@Z) 함수)에서 확인하지 못했습니다.
C:\Program Files\Autodesk\FBX\FBX SDK\2018.1.1\lib\vs2015\x86\debug\libfbxsdk.lib : warning LNK4272: 'X86' 라이브러리 컴퓨터 종류가 'x64' 대상 컴퓨터 종류와 충돌합니다.
C:\Users\Hwihyun\Desktop\17년도 2학기\전공 지도\Hunting-Floor\Programming\조명삼각형\x64\Debug\LabProject07.exe : fatal error LNK1120: 17개의 확인할 수 없는 외부 참조입니다.
